[3.474s] DEBUG:colcon:Command line arguments: ['/usr/bin/colcon', 'build']
[3.474s] DEBUG:colcon:Parsed command line arguments: Namespace(allow_overriding=[], ament_cmake_args=None, base_paths=['.'], build_base='build', catkin_cmake_args=None, catkin_skip_building_tests=False, cmake_args=None, cmake_clean_cache=False, cmake_clean_first=False, cmake_force_configure=False, cmake_target=None, cmake_target_skip_unavailable=False, continue_on_error=False, event_handlers=None, executor='parallel', ignore_user_meta=False, install_base='install', log_base=None, log_level=None, main=<bound method BuildVerb.main of <colcon_core.verb.build.BuildVerb object at 0x7f100dcf30d0>>, merge_install=False, metas=['./colcon.meta'], packages_above=None, packages_above_and_dependencies=None, packages_above_depth=None, packages_end=None, packages_ignore=None, packages_ignore_regex=None, packages_select=None, packages_select_build_failed=False, packages_select_by_dep=None, packages_select_regex=None, packages_select_test_failures=False, packages_skip=None, packages_skip_build_finished=False, packages_skip_by_dep=None, packages_skip_regex=None, packages_skip_test_passed=False, packages_skip_up_to=None, packages_start=None, packages_up_to=None, packages_up_to_regex=None, parallel_workers=4, paths=None, symlink_install=False, test_result_base=None, verb_extension=<colcon_core.verb.build.BuildVerb object at 0x7f100dcf30d0>, verb_name='build', verb_parser=<colcon_defaults.argument_parser.defaults.DefaultArgumentsDecorator object at 0x7f100dcf35b0>)
[3.625s] Level 1:colcon.colcon_core.package_discovery:discover_packages(colcon_meta) check parameters
[3.625s] Level 1:colcon.colcon_core.package_discovery:discover_packages(recursive) check parameters
[3.625s] Level 1:colcon.colcon_core.package_discovery:discover_packages(ignore) check parameters
[3.625s] Level 1:colcon.colcon_core.package_discovery:discover_packages(path) check parameters
[3.625s] Level 1:colcon.colcon_core.package_discovery:discover_packages(colcon_meta) discover
[3.625s] Level 1:colcon.colcon_core.package_discovery:discover_packages(recursive) discover
[3.625s] INFO:colcon.colcon_core.package_discovery:Crawling recursively for packages in '/home/hammad/Desktop/fern_sim_ws/fern-dv-sim/state_estimation'
[3.625s] Level 1:colcon.colcon_core.package_identification:_identify(.) by extensions ['ignore', 'ignore_ament_install']
[3.625s] Level 1:colcon.colcon_core.package_identification:_identify(.) by extension 'ignore'
[3.625s] Level 1:colcon.colcon_core.package_identification:_identify(.) by extension 'ignore_ament_install'
[3.625s] Level 1:colcon.colcon_core.package_identification:_identify(.) by extensions ['colcon_pkg']
[3.625s] Level 1:colcon.colcon_core.package_identification:_identify(.) by extension 'colcon_pkg'
[3.625s] Level 1:colcon.colcon_core.package_identification:_identify(.) by extensions ['colcon_meta']
[3.626s] Level 1:colcon.colcon_core.package_identification:_identify(.) by extension 'colcon_meta'
[3.626s] Level 1:colcon.colcon_core.package_identification:_identify(.) by extensions ['ros']
[3.626s] Level 1:colcon.colcon_core.package_identification:_identify(.) by extension 'ros'
[3.647s] DEBUG:colcon.colcon_core.package_identification:Package '.' with type 'ros.ament_python' and name 'state_estimation'
[3.647s] Level 1:colcon.colcon_core.package_discovery:discover_packages(recursive) using defaults
[3.647s] Level 1:colcon.colcon_core.package_discovery:discover_packages(ignore) discover
[3.647s] Level 1:colcon.colcon_core.package_discovery:discover_packages(ignore) using defaults
[3.647s] Level 1:colcon.colcon_core.package_discovery:discover_packages(path) discover
[3.647s] Level 1:colcon.colcon_core.package_discovery:discover_packages(path) using defaults
[3.970s] Level 1:colcon.colcon_core.package_discovery:discover_packages(prefix_path) check parameters
[3.970s] Level 1:colcon.colcon_core.package_discovery:discover_packages(prefix_path) discover
[4.087s] DEBUG:colcon.colcon_installed_package_information.package_discovery:Found 15 installed packages in /home/hammad/Desktop/fern_sim_ws/install
[4.149s] DEBUG:colcon.colcon_installed_package_information.package_discovery:Found 280 installed packages in /opt/ros/galactic
[4.151s] Level 1:colcon.colcon_core.package_discovery:discover_packages(prefix_path) using defaults
[4.380s] Level 5:colcon.colcon_core.verb:set package 'state_estimation' build argument 'cmake_args' from command line to 'None'
[4.380s] Level 5:colcon.colcon_core.verb:set package 'state_estimation' build argument 'cmake_target' from command line to 'None'
[4.380s] Level 5:colcon.colcon_core.verb:set package 'state_estimation' build argument 'cmake_target_skip_unavailable' from command line to 'False'
[4.380s] Level 5:colcon.colcon_core.verb:set package 'state_estimation' build argument 'cmake_clean_cache' from command line to 'False'
[4.380s] Level 5:colcon.colcon_core.verb:set package 'state_estimation' build argument 'cmake_clean_first' from command line to 'False'
[4.380s] Level 5:colcon.colcon_core.verb:set package 'state_estimation' build argument 'cmake_force_configure' from command line to 'False'
[4.380s] Level 5:colcon.colcon_core.verb:set package 'state_estimation' build argument 'ament_cmake_args' from command line to 'None'
[4.380s] Level 5:colcon.colcon_core.verb:set package 'state_estimation' build argument 'catkin_cmake_args' from command line to 'None'
[4.380s] Level 5:colcon.colcon_core.verb:set package 'state_estimation' build argument 'catkin_skip_building_tests' from command line to 'False'
[4.380s] DEBUG:colcon.colcon_core.verb:Building package 'state_estimation' with the following arguments: {'ament_cmake_args': None, 'build_base': '/home/hammad/Desktop/fern_sim_ws/fern-dv-sim/state_estimation/build/state_estimation', 'catkin_cmake_args': None, 'catkin_skip_building_tests': False, 'cmake_args': None, 'cmake_clean_cache': False, 'cmake_clean_first': False, 'cmake_force_configure': False, 'cmake_target': None, 'cmake_target_skip_unavailable': False, 'install_base': '/home/hammad/Desktop/fern_sim_ws/fern-dv-sim/state_estimation/install/state_estimation', 'merge_install': False, 'path': '/home/hammad/Desktop/fern_sim_ws/fern-dv-sim/state_estimation', 'symlink_install': False, 'test_result_base': None}
[4.437s] INFO:colcon.colcon_core.executor:Executing jobs using 'parallel' executor
[4.496s] DEBUG:colcon.colcon_parallel_executor.executor.parallel:run_until_complete
[4.496s] INFO:colcon.colcon_ros.task.ament_python.build:Building ROS package in '/home/hammad/Desktop/fern_sim_ws/fern-dv-sim/state_estimation' with build type 'ament_python'
[4.497s] Level 1:colcon.colcon_core.shell:create_environment_hook('state_estimation', 'ament_prefix_path')
[4.568s] INFO:colcon.colcon_core.plugin_system:Skipping extension 'colcon_core.shell.bat': Not used on non-Windows systems
[4.568s] INFO:colcon.colcon_core.shell:Creating environment hook '/home/hammad/Desktop/fern_sim_ws/fern-dv-sim/state_estimation/install/state_estimation/share/state_estimation/hook/ament_prefix_path.ps1'
[4.569s] INFO:colcon.colcon_core.shell:Creating environment descriptor '/home/hammad/Desktop/fern_sim_ws/fern-dv-sim/state_estimation/install/state_estimation/share/state_estimation/hook/ament_prefix_path.dsv'
[4.569s] INFO:colcon.colcon_core.shell:Creating environment hook '/home/hammad/Desktop/fern_sim_ws/fern-dv-sim/state_estimation/install/state_estimation/share/state_estimation/hook/ament_prefix_path.sh'
[4.641s] INFO:colcon.colcon_core.shell:Skip shell extension 'powershell' for command environment: Not usable outside of PowerShell
[4.641s] DEBUG:colcon.colcon_core.shell:Skip shell extension 'dsv' for command environment
[5.175s] INFO:colcon.colcon_core.task.python.build:Building Python package in '/home/hammad/Desktop/fern_sim_ws/fern-dv-sim/state_estimation'
[5.243s] INFO:colcon.colcon_core.shell:Skip shell extension 'powershell' for command environment: Not usable outside of PowerShell
[5.243s] DEBUG:colcon.colcon_core.shell:Skip shell extension 'dsv' for command environment
[6.032s] DEBUG:colcon.colcon_core.event_handler.log_command:Invoking command in '/home/hammad/Desktop/fern_sim_ws/fern-dv-sim/state_estimation': PYTHONPATH=/home/hammad/Desktop/fern_sim_ws/fern-dv-sim/state_estimation/build/state_estimation/prefix_override:/home/hammad/Desktop/fern_sim_ws/fern-dv-sim/state_estimation/install/state_estimation/lib/python3.8/site-packages:${PYTHONPATH} /usr/bin/python3 setup.py egg_info --egg-base build/state_estimation build --build-base /home/hammad/Desktop/fern_sim_ws/fern-dv-sim/state_estimation/build/state_estimation/build install --record /home/hammad/Desktop/fern_sim_ws/fern-dv-sim/state_estimation/build/state_estimation/install.log --install-scripts $base/lib/state_estimation --single-version-externally-managed
[6.505s] DEBUG:colcon.colcon_core.event_handler.log_command:Invoked command in '/home/hammad/Desktop/fern_sim_ws/fern-dv-sim/state_estimation' returned '0': PYTHONPATH=/home/hammad/Desktop/fern_sim_ws/fern-dv-sim/state_estimation/build/state_estimation/prefix_override:/home/hammad/Desktop/fern_sim_ws/fern-dv-sim/state_estimation/install/state_estimation/lib/python3.8/site-packages:${PYTHONPATH} /usr/bin/python3 setup.py egg_info --egg-base build/state_estimation build --build-base /home/hammad/Desktop/fern_sim_ws/fern-dv-sim/state_estimation/build/state_estimation/build install --record /home/hammad/Desktop/fern_sim_ws/fern-dv-sim/state_estimation/build/state_estimation/install.log --install-scripts $base/lib/state_estimation --single-version-externally-managed
[6.590s] Level 1:colcon.colcon_core.environment:checking '/home/hammad/Desktop/fern_sim_ws/fern-dv-sim/state_estimation/install/state_estimation' for CMake module files
[6.590s] Level 1:colcon.colcon_core.environment:checking '/home/hammad/Desktop/fern_sim_ws/fern-dv-sim/state_estimation/install/state_estimation' for CMake config files
[6.591s] Level 1:colcon.colcon_core.environment:checking '/home/hammad/Desktop/fern_sim_ws/fern-dv-sim/state_estimation/install/state_estimation/lib'
[6.591s] Level 1:colcon.colcon_core.environment:checking '/home/hammad/Desktop/fern_sim_ws/fern-dv-sim/state_estimation/install/state_estimation/bin'
[6.591s] Level 1:colcon.colcon_core.environment:checking '/home/hammad/Desktop/fern_sim_ws/fern-dv-sim/state_estimation/install/state_estimation/lib/pkgconfig/state_estimation.pc'
[6.592s] Level 1:colcon.colcon_core.environment:checking '/home/hammad/Desktop/fern_sim_ws/fern-dv-sim/state_estimation/install/state_estimation/lib/python3.8/site-packages'
[6.592s] Level 1:colcon.colcon_core.shell:create_environment_hook('state_estimation', 'pythonpath')
[6.662s] INFO:colcon.colcon_core.shell:Creating environment hook '/home/hammad/Desktop/fern_sim_ws/fern-dv-sim/state_estimation/install/state_estimation/share/state_estimation/hook/pythonpath.ps1'
[6.662s] INFO:colcon.colcon_core.shell:Creating environment descriptor '/home/hammad/Desktop/fern_sim_ws/fern-dv-sim/state_estimation/install/state_estimation/share/state_estimation/hook/pythonpath.dsv'
[6.663s] INFO:colcon.colcon_core.shell:Creating environment hook '/home/hammad/Desktop/fern_sim_ws/fern-dv-sim/state_estimation/install/state_estimation/share/state_estimation/hook/pythonpath.sh'
[6.663s] Level 1:colcon.colcon_core.environment:checking '/home/hammad/Desktop/fern_sim_ws/fern-dv-sim/state_estimation/install/state_estimation/bin'
[6.663s] Level 1:colcon.colcon_core.environment:create_environment_scripts_only(state_estimation)
[6.728s] INFO:colcon.colcon_core.shell:Creating package script '/home/hammad/Desktop/fern_sim_ws/fern-dv-sim/state_estimation/install/state_estimation/share/state_estimation/package.ps1'
[6.729s] INFO:colcon.colcon_core.shell:Creating package descriptor '/home/hammad/Desktop/fern_sim_ws/fern-dv-sim/state_estimation/install/state_estimation/share/state_estimation/package.dsv'
[6.730s] INFO:colcon.colcon_core.shell:Creating package script '/home/hammad/Desktop/fern_sim_ws/fern-dv-sim/state_estimation/install/state_estimation/share/state_estimation/package.sh'
[6.730s] INFO:colcon.colcon_core.shell:Creating package script '/home/hammad/Desktop/fern_sim_ws/fern-dv-sim/state_estimation/install/state_estimation/share/state_estimation/package.bash'
[6.731s] INFO:colcon.colcon_core.shell:Creating package script '/home/hammad/Desktop/fern_sim_ws/fern-dv-sim/state_estimation/install/state_estimation/share/state_estimation/package.zsh'
[6.732s] Level 1:colcon.colcon_core.environment:create_file_with_runtime_dependencies(/home/hammad/Desktop/fern_sim_ws/fern-dv-sim/state_estimation/install/state_estimation/share/colcon-core/packages/state_estimation)
[6.733s] DEBUG:colcon.colcon_parallel_executor.executor.parallel:closing loop
[6.734s] DEBUG:colcon.colcon_parallel_executor.executor.parallel:loop closed
[6.734s] DEBUG:colcon.colcon_parallel_executor.executor.parallel:run_until_complete finished with '0'
[6.734s] DEBUG:colcon.colcon_core.event_reactor:joining thread
[6.816s] INFO:colcon.colcon_core.plugin_system:Skipping extension 'colcon_notification.desktop_notification.terminal_notifier': Not used on non-Darwin systems
[6.816s] INFO:colcon.colcon_core.plugin_system:Skipping extension 'colcon_notification.desktop_notification.win32': Not used on non-Windows systems
[6.816s] INFO:colcon.colcon_notification.desktop_notification:Sending desktop notification using 'notify2'
[6.835s] DEBUG:colcon.colcon_core.event_reactor:joined thread
[6.911s] INFO:colcon.colcon_core.shell:Creating prefix script '/home/hammad/Desktop/fern_sim_ws/fern-dv-sim/state_estimation/install/local_setup.ps1'
[6.913s] INFO:colcon.colcon_core.shell:Creating prefix util module '/home/hammad/Desktop/fern_sim_ws/fern-dv-sim/state_estimation/install/_local_setup_util_ps1.py'
[6.915s] INFO:colcon.colcon_core.shell:Creating prefix chain script '/home/hammad/Desktop/fern_sim_ws/fern-dv-sim/state_estimation/install/setup.ps1'
[6.986s] INFO:colcon.colcon_core.shell:Creating prefix script '/home/hammad/Desktop/fern_sim_ws/fern-dv-sim/state_estimation/install/local_setup.sh'
[6.986s] INFO:colcon.colcon_core.shell:Creating prefix util module '/home/hammad/Desktop/fern_sim_ws/fern-dv-sim/state_estimation/install/_local_setup_util_sh.py'
[6.987s] INFO:colcon.colcon_core.shell:Creating prefix chain script '/home/hammad/Desktop/fern_sim_ws/fern-dv-sim/state_estimation/install/setup.sh'
[7.055s] INFO:colcon.colcon_core.shell:Creating prefix script '/home/hammad/Desktop/fern_sim_ws/fern-dv-sim/state_estimation/install/local_setup.bash'
[7.056s] INFO:colcon.colcon_core.shell:Creating prefix chain script '/home/hammad/Desktop/fern_sim_ws/fern-dv-sim/state_estimation/install/setup.bash'
[7.118s] INFO:colcon.colcon_core.shell:Creating prefix script '/home/hammad/Desktop/fern_sim_ws/fern-dv-sim/state_estimation/install/local_setup.zsh'
[7.119s] INFO:colcon.colcon_core.shell:Creating prefix chain script '/home/hammad/Desktop/fern_sim_ws/fern-dv-sim/state_estimation/install/setup.zsh'
